This is pdfTeX, Version 3.141592653-2.6-1.40.23 (TeX Live 2021/Arch Linux) (preloaded format=pdflatex 2021.12.29)  4 JAN 2022 15:01
entering extended mode
 restricted \write18 enabled.
 %&-line parsing enabled.
**/usr/share/vim/vim82/doc/help.txt
(/usr/share/vim/vim82/doc/help.txt
LaTeX2e <2021-11-15> patch level 1
L3 programming layer <2021-11-22>

! LaTeX Error: Missing \begin{document}.

See the LaTeX manual or LaTeX Companion for explanation.
Type  H <return>  for immediate help.
 ...                                              
                                                  
l.1 *
     help.txt*	For Vim version 8.2.  Last change: 2020 Aug 15
? 
! Emergency stop.
 ...                                              
                                                  
l.1 *
     help.txt*	For Vim version 8.2.  Last change: 2020 Aug 15
You're in trouble here.  Try typing  <return>  to proceed.
If that doesn't work, type  X <return>  to quit.

 
Here is how much of TeX's memory you used:
 18 strings out of 478353
 588 string characters out of 5854634
 295989 words of memory out of 5000000
 18244 multiletter control sequences out of 15000+600000
 403430 words of font info for 27 fonts, out of 8000000 for 9000
 1141 hyphenation exceptions out of 8191
 13i,0n,12p,123b,14s stack positions out of 5000i,500n,10000p,200000b,80000s
!  ==> Fatal error occurred, no output PDF file produced!
