\BOOKMARK [1][-]{section.1}{\376\377\000I\000n\000s\000i\000e\000m\000i}{}% 1
\BOOKMARK [2][-]{subsection.1.1}{\376\377\000P\000r\000o\000p\000r\000i\000e\000t\000\340\000\040\000d\000e\000g\000l\000i\000\040\000i\000n\000s\000i\000e\000m\000i}{section.1}% 2
\BOOKMARK [2][-]{subsection.1.2}{\376\377\000C\000o\000n\000n\000e\000t\000t\000i\000v\000i\000\040\000L\000o\000g\000i\000c\000i}{section.1}% 3
\BOOKMARK [2][-]{subsection.1.3}{\376\377\000Q\000u\000a\000n\000t\000i\000f\000i\000c\000a\000t\000o\000r\000i\000\040\000u\000n\000i\000v\000e\000r\000s\000a\000l\000i}{section.1}% 4
\BOOKMARK [2][-]{subsection.1.4}{\376\377\000O\000r\000d\000i\000n\000e\000\040\000d\000e\000i\000\040\000q\000u\000a\000n\000t\000i\000f\000i\000c\000a\000t\000o\000r\000i}{section.1}% 5
\BOOKMARK [2][-]{subsection.1.5}{\376\377\000Q\000u\000a\000n\000t\000i\000f\000i\000c\000a\000t\000o\000r\000i\000\040\000E\000q\000u\000i\000v\000a\000l\000e\000n\000t\000i}{section.1}% 6
\BOOKMARK [2][-]{subsection.1.6}{\376\377\000N\000e\000g\000a\000z\000i\000o\000n\000e\000\040\000d\000i\000\040\000u\000n\000\040\000q\000u\000a\000n\000t\000i\000f\000i\000c\000a\000t\000o\000r\000e}{section.1}% 7
\BOOKMARK [2][-]{subsection.1.7}{\376\377\000D\000e\000f\000i\000n\000i\000z\000i\000o\000n\000i}{section.1}% 8
\BOOKMARK [2][-]{subsection.1.8}{\376\377\000I\000n\000s\000i\000e\000m\000e\000\040\000d\000e\000l\000l\000e\000\040\000p\000a\000r\000t\000i}{section.1}% 9
\BOOKMARK [2][-]{subsection.1.9}{\376\377\000P\000r\000o\000p\000r\000i\000e\000t\000\340\000\040\000d\000e\000g\000l\000i\000\040\000i\000n\000s\000i\000e\000m\000i}{section.1}% 10
\BOOKMARK [2][-]{subsection.1.10}{\376\377\000I\000n\000s\000i\000e\000m\000i\000\040\000n\000u\000m\000e\000r\000i\000c\000i}{section.1}% 11
\BOOKMARK [2][-]{subsection.1.11}{\376\377\000I\000n\000s\000i\000e\000m\000i\000\040\000I\000n\000d\000i\000c\000i\000a\000t\000i}{section.1}% 12
\BOOKMARK [1][-]{section.2}{\376\377\000R\000e\000l\000a\000z\000i\000o\000n\000i\000\040\000e\000\040\000F\000u\000n\000z\000i\000o\000n\000i}{}% 13
\BOOKMARK [1][-]{section.3}{\376\377\000E\000s\000e\000m\000p\000i\000o}{}% 14
\BOOKMARK [1][-]{section.4}{\376\377\000N\000u\000m\000e\000r\000i\000\040\000P\000r\000i\000m\000i}{}% 15
\BOOKMARK [2][-]{subsection.4.1}{\376\377\000T\000e\000o\000r\000i\000a\000\040\000f\000o\000n\000d\000a\000m\000e\000n\000t\000a\000l\000e\000\040\000d\000e\000l\000l\000'\000a\000r\000i\000t\000m\000e\000t\000i\000c\000a}{section.4}% 16
\BOOKMARK [2][-]{subsection.4.2}{\376\377\000T\000e\000o\000r\000e\000m\000a\000\040\000d\000i\000\040\000e\000u\000c\000l\000i\000d\000e}{section.4}% 17
\BOOKMARK [1][-]{section.5}{\376\377\000N\000u\000m\000e\000r\000i\000\040\000c\000o\000m\000p\000l\000e\000s\000s\000i}{}% 18
\BOOKMARK [2][-]{subsection.5.1}{\376\377\000P\000i\000a\000n\000o\000\040\000d\000i\000\040\000G\000a\000u\000s\000s}{section.5}% 19
\BOOKMARK [2][-]{subsection.5.2}{\376\377\000P\000r\000o\000p\000r\000i\000e\000t\000\340\000\040\000d\000e\000i\000\040\000n\000u\000m\000e\000r\000i\000\040\000c\000o\000m\000p\000l\000e\000s\000s\000i}{section.5}% 20
\BOOKMARK [2][-]{subsection.5.3}{\376\377\000F\000o\000r\000m\000a\000\040\000e\000s\000p\000o\000n\000e\000n\000z\000i\000a\000l\000e}{section.5}% 21
\BOOKMARK [2][-]{subsection.5.4}{\376\377\000E\000q\000u\000a\000z\000i\000o\000n\000i\000\040\000d\000i\000\040\000s\000e\000c\000o\000n\000d\000o\000\040\000g\000r\000a\000d\000o\000\040\000c\000o\000m\000p\000l\000e\000s\000s\000e}{section.5}% 22
\BOOKMARK [2][-]{subsection.5.5}{\376\377\000R\000a\000d\000i\000c\000i\000\040\000c\000o\000m\000p\000l\000e\000s\000s\000e}{section.5}% 23
\BOOKMARK [2][-]{subsection.5.6}{\376\377\000T\000e\000o\000r\000e\000m\000a\000\040\000f\000o\000n\000d\000a\000m\000e\000t\000a\000l\000e\000\040\000d\000e\000l\000l\000'\000A\000l\000g\000e\000b\000r\000a}{section.5}% 24
\BOOKMARK [1][-]{section.6}{\376\377\000R\000e\000l\000a\000z\000i\000o\000n\000i\000\040\000d\000i\000\040\000E\000q\000u\000i\000v\000a\000l\000e\000n\000z\000a}{}% 25
\BOOKMARK [2][-]{subsection.6.1}{\376\377\000E\000q\000u\000i\000v\000a\000l\000e\000n\000z\000a\000\040\000m\000o\000d\000u\000l\000a\000r\000e}{section.6}% 26
\BOOKMARK [2][-]{subsection.6.2}{\376\377\000C\000l\000a\000s\000s\000e\000\040\000d\000i\000\040\000e\000q\000u\000i\000v\000a\000l\000e\000n\000z\000a}{section.6}% 27
\BOOKMARK [1][-]{section.7}{\376\377\000C\000a\000r\000d\000i\000n\000a\000l\000i\000t\000\340}{}% 28
\BOOKMARK [2][-]{subsection.7.1}{\376\377\000T\000e\000o\000r\000e\000m\000a\000\040\000d\000i\000\040\000C\000a\000n\000t\000o\000r\000-\000B\000e\000r\000n\000s\000t\000e\000i\000n}{section.7}% 29
\BOOKMARK [2][-]{subsection.7.2}{\376\377\000I\000m\000p\000o\000s\000s\000i\000b\000i\000l\000i\000t\000\340\000\040\000d\000e\000l\000l\000a\000\040\000s\000u\000r\000r\000i\000e\000t\000t\000i\000v\000i\000t\000\340\000\040\000d\000e\000i\000\040\000n\000u\000m\000e\000r\000a\000b\000i\000l\000i}{section.7}% 30
\BOOKMARK [2][-]{subsection.7.3}{\376\377\000A\000r\000g\000o\000m\000e\000n\000t\000o\000\040\000c\000h\000e\000\040\000i\000l\000\040\000p\000r\000o\000f\000\040\000s\000i\000\040\000t\000i\000e\000n\000e\000\040\000s\000e\000g\000r\000e\000t\000o}{section.7}% 31
\BOOKMARK [2][-]{subsection.7.4}{\376\377\000C\000a\000r\000d\000i\000n\000a\000l\000i\000t\000\340\000\040\000d\000e\000i\000\040\000Q}{section.7}% 32
\BOOKMARK [2][-]{subsection.7.5}{\376\377\000C\000a\000r\000d\000i\000n\000a\000l\000i\000t\000\340\000\040\000d\000i\000\040\000R}{section.7}% 33
\BOOKMARK [2][-]{subsection.7.6}{\376\377\000I\000p\000o\000t\000e\000s\000i\000\040\000d\000e\000l\000\040\000c\000o\000n\000t\000i\000n\000u\000o}{section.7}% 34
\BOOKMARK [1][-]{section.8}{\376\377\000C\000a\000l\000c\000o\000l\000o\000\040\000C\000o\000m\000b\000i\000n\000a\000t\000o\000r\000i\000c\000o}{}% 35
\BOOKMARK [2][-]{subsection.8.1}{\376\377\000M\000i\000\040\000i\000n\000v\000e\000n\000t\000e\000r\000\362\000\040\000u\000n\000\040\000t\000i\000t\000o\000l\000o}{section.8}% 36
\BOOKMARK [2][-]{subsection.8.2}{\376\377\000C\000o\000e\000f\000f\000i\000c\000i\000e\000n\000t\000e\000\040\000b\000i\000n\000o\000m\000i\000a\000l\000e}{section.8}% 37
