\BOOKMARK [1][-]{section.1}{\376\377\000I\000n\000s\000i\000e\000m\000i}{}% 1
\BOOKMARK [2][-]{subsection.1.1}{\376\377\000P\000r\000o\000p\000r\000i\000e\000t\000\340\000\040\000d\000e\000g\000l\000i\000\040\000i\000n\000s\000i\000e\000m\000i}{section.1}% 2
\BOOKMARK [2][-]{subsection.1.2}{\376\377\000C\000o\000n\000n\000e\000t\000t\000i\000v\000i\000\040\000L\000o\000g\000i\000c\000i}{section.1}% 3
\BOOKMARK [2][-]{subsection.1.3}{\376\377\000Q\000u\000a\000n\000t\000i\000f\000i\000c\000a\000t\000o\000r\000i\000\040\000u\000n\000i\000v\000e\000r\000s\000a\000l\000i}{section.1}% 4
\BOOKMARK [2][-]{subsection.1.4}{\376\377\000O\000r\000d\000i\000n\000e\000\040\000d\000e\000i\000\040\000q\000u\000a\000n\000t\000i\000f\000i\000c\000a\000t\000o\000r\000i}{section.1}% 5
\BOOKMARK [2][-]{subsection.1.5}{\376\377\000Q\000u\000a\000n\000t\000i\000f\000i\000c\000a\000t\000o\000r\000i\000\040\000E\000q\000u\000i\000v\000a\000l\000e\000n\000t\000i}{section.1}% 6
\BOOKMARK [2][-]{subsection.1.6}{\376\377\000N\000e\000g\000a\000z\000i\000o\000n\000e\000\040\000d\000i\000\040\000u\000n\000\040\000q\000u\000a\000n\000t\000i\000f\000i\000c\000a\000t\000o\000r\000e}{section.1}% 7
\BOOKMARK [2][-]{subsection.1.7}{\376\377\000D\000e\000f\000i\000n\000i\000z\000i\000o\000n\000i}{section.1}% 8
\BOOKMARK [2][-]{subsection.1.8}{\376\377\000I\000n\000s\000i\000e\000m\000e\000\040\000d\000e\000l\000l\000e\000\040\000p\000a\000r\000t\000i}{section.1}% 9
\BOOKMARK [2][-]{subsection.1.9}{\376\377\000P\000r\000o\000p\000r\000i\000e\000t\000\340\000\040\000d\000e\000g\000l\000i\000\040\000i\000n\000s\000i\000e\000m\000i}{section.1}% 10
\BOOKMARK [2][-]{subsection.1.10}{\376\377\000I\000n\000s\000i\000e\000m\000i\000\040\000n\000u\000m\000e\000r\000i\000c\000i}{section.1}% 11
\BOOKMARK [2][-]{subsection.1.11}{\376\377\000I\000n\000s\000i\000e\000m\000i\000\040\000I\000n\000d\000i\000c\000i\000a\000t\000i}{section.1}% 12
\BOOKMARK [1][-]{section.2}{\376\377\000R\000e\000l\000a\000z\000i\000o\000n\000i\000\040\000e\000\040\000F\000u\000n\000z\000i\000o\000n\000i}{}% 13
\BOOKMARK [2][-]{subsection.2.1}{\376\377\000R\000e\000l\000a\000z\000i\000o\000n\000i}{section.2}% 14
\BOOKMARK [2][-]{subsection.2.2}{\376\377\000F\000u\000n\000z\000i\000o\000n\000i}{section.2}% 15
\BOOKMARK [2][-]{subsection.2.3}{\376\377\000I\000m\000m\000a\000g\000i\000n\000e\000\040\000e\000\040\000c\000o\000n\000t\000r\000o\000i\000m\000m\000a\000g\000i\000n\000e}{section.2}% 16
\BOOKMARK [3][-]{subsubsection.2.3.1}{\376\377\000I\000m\000m\000a\000g\000i\000n\000e}{subsection.2.3}% 17
\BOOKMARK [3][-]{subsubsection.2.3.2}{\376\377\000C\000o\000n\000t\000r\000o\000i\000m\000m\000a\000g\000i\000n\000e}{subsection.2.3}% 18
\BOOKMARK [2][-]{subsection.2.4}{\376\377\000I\000n\000i\000e\000t\000t\000i\000v\000i\000t\000\340\000,\000\040\000S\000u\000r\000g\000e\000t\000t\000i\000v\000i\000t\000\340\000\040\000e\000\040\000B\000i\000g\000e\000t\000t\000i\000v\000i\000t\000\340}{section.2}% 19
\BOOKMARK [2][-]{subsection.2.5}{\376\377\000I\000l\000\040\000g\000r\000a\000f\000i\000c\000o\000\040\000d\000e\000l\000l\000a\000\040\000f\000u\000n\000z\000i\000o\000n\000e}{section.2}% 20
\BOOKMARK [2][-]{subsection.2.6}{\376\377\000T\000i\000p\000i\000\040\000d\000i\000\040\000f\000u\000n\000z\000i\000o\000n\000e}{section.2}% 21
\BOOKMARK [3][-]{subsubsection.2.6.1}{\376\377\000F\000u\000n\000z\000i\000o\000n\000e\000\040\000I\000d\000e\000n\000t\000i\000t\000\340}{subsection.2.6}% 22
\BOOKMARK [3][-]{subsubsection.2.6.2}{\376\377\000F\000u\000n\000z\000i\000o\000n\000e\000\040\000P\000a\000r\000t\000e\000\040\000I\000n\000t\000e\000r\000a}{subsection.2.6}% 23
\BOOKMARK [3][-]{subsubsection.2.6.3}{\376\377\000F\000u\000n\000z\000i\000o\000n\000e\000\040\000P\000a\000r\000t\000e\000\040\000F\000r\000a\000z\000i\000o\000n\000a\000r\000i\000a}{subsection.2.6}% 24
\BOOKMARK [3][-]{subsubsection.2.6.4}{\376\377\000F\000u\000n\000z\000i\000o\000n\000e\000\040\000C\000o\000m\000p\000o\000s\000t\000a}{subsection.2.6}% 25
\BOOKMARK [2][-]{subsection.2.7}{\376\377\000I\000n\000v\000e\000r\000t\000i\000b\000i\000l\000i\000t\000\340\000\040\000d\000i\000\040\000u\000n\000a\000\040\000f\000u\000n\000z\000i\000o\000n\000e}{section.2}% 26
\BOOKMARK [3][-]{subsubsection.2.7.1}{\376\377\000I\000n\000v\000e\000r\000t\000i\000b\000i\000l\000e\000\040\000a\000\040\000s\000i\000n\000i\000s\000t\000r\000a}{subsection.2.7}% 27
\BOOKMARK [3][-]{subsubsection.2.7.2}{\376\377\000I\000n\000v\000e\000r\000t\000i\000b\000i\000l\000e\000\040\000a\000\040\000d\000e\000s\000t\000r\000a}{subsection.2.7}% 28
\BOOKMARK [3][-]{subsubsection.2.7.3}{\376\377\000I\000n\000v\000e\000r\000t\000i\000b\000i\000l\000e\000\040\000a\000\040\000d\000e\000s\000t\000r\000a\000\040\000e\000\040\000s\000i\000n\000i\000s\000t\000r\000a}{subsection.2.7}% 29
\BOOKMARK [3][-]{subsubsection.2.7.4}{\376\377\000T\000e\000o\000r\000e\000m\000a\000\040\000d\000e\000l\000l\000'\000i\000n\000v\000e\000r\000t\000i\000b\000i\000l\000i\000t\000\340}{subsection.2.7}% 30
\BOOKMARK [2][-]{subsection.2.8}{\376\377\000A\000s\000s\000i\000o\000m\000a\000\040\000d\000e\000l\000l\000a\000\040\000s\000c\000e\000l\000t\000a}{section.2}% 31
\BOOKMARK [3][-]{subsubsection.2.8.1}{\376\377\000D\000i\000m\000o\000s\000t\000r\000a\000z\000i\000o\000n\000i\000\040\000a\000t\000t\000r\000a\000v\000e\000r\000s\000o\000\040\000l\000'\000a\000s\000s\000i\000o\000m\000a\000\040\000d\000e\000l\000l\000a\000\040\000s\000c\000e\000l\000t\000a}{subsection.2.8}% 32
\BOOKMARK [1][-]{section.3}{\376\377\000P\000r\000i\000n\000c\000i\000p\000i\000o\000\040\000d\000i\000\040\000I\000n\000d\000u\000z\000i\000o\000n\000e}{}% 33
\BOOKMARK [2][-]{subsection.3.1}{\376\377\000P\000r\000i\000m\000a\000\040\000f\000o\000r\000m\000a}{section.3}% 34
\BOOKMARK [2][-]{subsection.3.2}{\376\377\000S\000e\000c\000o\000n\000d\000a\000\040\000f\000o\000r\000m\000a}{section.3}% 35
\BOOKMARK [2][-]{subsection.3.3}{\376\377\000T\000e\000r\000z\000a\000\040\000f\000o\000r\000m\000a}{section.3}% 36
\BOOKMARK [1][-]{section.4}{\376\377\000A\000p\000p\000r\000o\000f\000o\000n\000d\000i\000m\000e\000n\000t\000i\000\040\000s\000u\000i\000\040\000n\000u\000m\000e\000r\000i\000\040\000i\000n\000t\000e\000r\000i}{}% 37
\BOOKMARK [2][-]{subsection.4.1}{\376\377\000D\000i\000v\000i\000s\000i\000o\000n\000e\000\040\000E\000u\000c\000l\000i\000d\000e\000a}{section.4}% 38
\BOOKMARK [2][-]{subsection.4.2}{\376\377\000M\000i\000n\000i\000m\000o\000\040\000c\000o\000m\000u\000n\000e\000\040\000m\000u\000l\000t\000i\000p\000l\000o}{section.4}% 39
\BOOKMARK [2][-]{subsection.4.3}{\376\377\000M\000a\000s\000s\000i\000m\000o\000\040\000c\000o\000m\000u\000n\000e\000\040\000d\000i\000v\000i\000s\000o\000r\000e}{section.4}% 40
\BOOKMARK [2][-]{subsection.4.4}{\376\377\000A\000l\000g\000o\000r\000i\000t\000m\000o\000\040\000E\000u\000c\000l\000i\000d\000e\000o}{section.4}% 41
\BOOKMARK [2][-]{subsection.4.5}{\376\377\000I\000d\000e\000n\000t\000i\000t\000\340\000\040\000d\000i\000\040\000B\000e\000z\000\362\000u\000t}{section.4}% 42
\BOOKMARK [2][-]{subsection.4.6}{\376\377\000E\000q\000u\000a\000z\000i\000o\000n\000i\000\040\000D\000i\000o\000f\000a\000n\000t\000e\000e\000\040\000l\000i\000n\000e\000a\000r\000i}{section.4}% 43
\BOOKMARK [2][-]{subsection.4.7}{\376\377\000N\000u\000m\000e\000r\000i\000\040\000P\000r\000i\000m\000i}{section.4}% 44
\BOOKMARK [3][-]{subsubsection.4.7.1}{\376\377\000T\000e\000o\000r\000e\000m\000a\000\040\000f\000o\000n\000d\000a\000m\000e\000n\000t\000a\000l\000e\000\040\000d\000e\000l\000l\000'\000a\000r\000i\000t\000m\000e\000t\000i\000c\000a}{subsection.4.7}% 45
\BOOKMARK [3][-]{subsubsection.4.7.2}{\376\377\000T\000e\000o\000r\000e\000m\000a\000\040\000d\000i\000\040\000e\000u\000c\000l\000i\000d\000e}{subsection.4.7}% 46
\BOOKMARK [1][-]{section.5}{\376\377\000N\000u\000m\000e\000r\000i\000\040\000c\000o\000m\000p\000l\000e\000s\000s\000i}{}% 47
\BOOKMARK [2][-]{subsection.5.1}{\376\377\000P\000i\000a\000n\000o\000\040\000d\000i\000\040\000G\000a\000u\000s\000s}{section.5}% 48
\BOOKMARK [2][-]{subsection.5.2}{\376\377\000P\000r\000o\000p\000r\000i\000e\000t\000\340\000\040\000d\000e\000i\000\040\000n\000u\000m\000e\000r\000i\000\040\000c\000o\000m\000p\000l\000e\000s\000s\000i}{section.5}% 49
\BOOKMARK [2][-]{subsection.5.3}{\376\377\000D\000i\000s\000u\000g\000u\000a\000g\000l\000i\000a\000n\000z\000a\000\040\000t\000r\000i\000a\000n\000g\000o\000l\000a\000r\000e}{section.5}% 50
\BOOKMARK [2][-]{subsection.5.4}{\376\377\000F\000o\000r\000m\000a\000\040\000t\000r\000i\000g\000o\000n\000o\000m\000e\000t\000r\000i\000c\000a}{section.5}% 51
\BOOKMARK [2][-]{subsection.5.5}{\376\377\000F\000o\000r\000m\000a\000\040\000e\000s\000p\000o\000n\000e\000n\000z\000i\000a\000l\000e}{section.5}% 52
\BOOKMARK [2][-]{subsection.5.6}{\376\377\000E\000q\000u\000a\000z\000i\000o\000n\000i\000\040\000d\000i\000\040\000s\000e\000c\000o\000n\000d\000o\000\040\000g\000r\000a\000d\000o\000\040\000c\000o\000m\000p\000l\000e\000s\000s\000e}{section.5}% 53
\BOOKMARK [2][-]{subsection.5.7}{\376\377\000R\000a\000d\000i\000c\000i\000\040\000c\000o\000m\000p\000l\000e\000s\000s\000e}{section.5}% 54
\BOOKMARK [2][-]{subsection.5.8}{\376\377\000T\000e\000o\000r\000e\000m\000a\000\040\000f\000o\000n\000d\000a\000m\000e\000t\000a\000l\000e\000\040\000d\000e\000l\000l\000'\000A\000l\000g\000e\000b\000r\000a}{section.5}% 55
\BOOKMARK [1][-]{section.6}{\376\377\000R\000e\000l\000a\000z\000i\000o\000n\000i\000\040\000d\000i\000\040\000E\000q\000u\000i\000v\000a\000l\000e\000n\000z\000a}{}% 56
\BOOKMARK [2][-]{subsection.6.1}{\376\377\000P\000r\000o\000p\000r\000i\000e\000t\000\340}{section.6}% 57
\BOOKMARK [2][-]{subsection.6.2}{\376\377\000E\000q\000u\000i\000v\000a\000l\000e\000n\000z\000a\000\040\000m\000o\000d\000u\000l\000a\000r\000e}{section.6}% 58
\BOOKMARK [2][-]{subsection.6.3}{\376\377\000C\000l\000a\000s\000s\000e\000\040\000d\000i\000\040\000e\000q\000u\000i\000v\000a\000l\000e\000n\000z\000a}{section.6}% 59
\BOOKMARK [1][-]{section.7}{\376\377\000C\000a\000r\000d\000i\000n\000a\000l\000i\000t\000\340}{}% 60
\BOOKMARK [2][-]{subsection.7.1}{\376\377\000P\000r\000o\000p\000r\000i\000e\000t\000\340}{section.7}% 61
\BOOKMARK [2][-]{subsection.7.2}{\376\377\000T\000e\000o\000r\000e\000m\000a\000\040\000d\000i\000\040\000C\000a\000n\000t\000o\000r\000-\000B\000e\000r\000n\000s\000t\000e\000i\000n}{section.7}% 62
\BOOKMARK [2][-]{subsection.7.3}{\376\377\000I\000m\000p\000o\000s\000s\000i\000b\000i\000l\000i\000t\000\340\000\040\000d\000e\000l\000l\000a\000\040\000s\000u\000r\000r\000i\000e\000t\000t\000i\000v\000i\000t\000\340\000\040\000d\000e\000i\000\040\000n\000u\000m\000e\000r\000a\000b\000i\000l\000i}{section.7}% 63
\BOOKMARK [2][-]{subsection.7.4}{\376\377\000E\000s\000p\000o\000n\000e\000n\000t\000i\000\040\000c\000a\000r\000d\000i\000n\000a\000l\000i\000t\000\340}{section.7}% 64
\BOOKMARK [2][-]{subsection.7.5}{\376\377\000C\000a\000r\000d\000i\000n\000a\000l\000i\000t\000\340\000\040\000d\000e\000i\000\040\000Q}{section.7}% 65
\BOOKMARK [2][-]{subsection.7.6}{\376\377\000C\000a\000r\000d\000i\000n\000a\000l\000i\000t\000\340\000\040\000d\000i\000\040\000R}{section.7}% 66
\BOOKMARK [2][-]{subsection.7.7}{\376\377\000I\000p\000o\000t\000e\000s\000i\000\040\000d\000e\000l\000\040\000c\000o\000n\000t\000i\000n\000u\000o}{section.7}% 67
\BOOKMARK [1][-]{section.8}{\376\377\000C\000a\000l\000c\000o\000l\000o\000\040\000C\000o\000m\000b\000i\000n\000a\000t\000o\000r\000i\000o}{}% 68
\BOOKMARK [2][-]{subsection.8.1}{\376\377\000D\000i\000m\000o\000s\000t\000r\000a\000z\000i\000o\000n\000e\000\040\000c\000o\000e\000f\000f\000i\000c\000i\000e\000n\000t\000e\000\040\000c\000o\000m\000b\000i\000n\000a\000t\000o\000r\000i\000o}{section.8}% 69
\BOOKMARK [2][-]{subsection.8.2}{\376\377\000C\000o\000e\000f\000f\000i\000c\000i\000e\000n\000t\000e\000\040\000b\000i\000n\000o\000m\000i\000a\000l\000e}{section.8}% 70
\BOOKMARK [1][-]{section.9}{\376\377\000R\000e\000l\000a\000z\000i\000o\000n\000i\000\040\000d\000'\000o\000r\000d\000i\000n\000e}{}% 71
\BOOKMARK [2][-]{subsection.9.1}{\376\377\000C\000o\000n\000f\000r\000o\000n\000t\000a\000b\000i\000l\000i\000t\000\340\000\040\000r\000e\000l\000a\000z\000i\000o\000n\000i\000\040\000d\000'\000o\000r\000d\000i\000n\000e}{section.9}% 72
\BOOKMARK [2][-]{subsection.9.2}{\376\377\000E\000s\000e\000m\000p\000i\000\040\000d\000i\000\040\000r\000e\000l\000a\000z\000i\000o\000n\000i\000\040\000d\000'\000o\000r\000d\000i\000n\000e}{section.9}% 73
\BOOKMARK [2][-]{subsection.9.3}{\376\377\000T\000i\000p\000i\000\040\000d\000i\000\040\000o\000r\000d\000i\000n\000i}{section.9}% 74
\BOOKMARK [3][-]{subsubsection.9.3.1}{\376\377\000O\000r\000d\000i\000n\000e\000\040\000l\000e\000s\000s\000i\000c\000o\000g\000r\000a\000f\000i\000c\000o\000\040\000\050\000L\000E\000X\000\051}{subsection.9.3}% 75
\BOOKMARK [3][-]{subsubsection.9.3.2}{\376\377\000O\000r\000d\000i\000n\000e\000\040\000p\000r\000o\000d\000o\000t\000t\000o}{subsection.9.3}% 76
\BOOKMARK [3][-]{subsubsection.9.3.3}{\376\377\000O\000r\000d\000i\000n\000e\000\040\000i\000n\000d\000o\000t\000t\000o}{subsection.9.3}% 77
\BOOKMARK [2][-]{subsection.9.4}{\376\377\000M\000i\000n\000i\000m\000o\000\040\000e\000\040\000m\000a\000s\000s\000i\000m\000o}{section.9}% 78
\BOOKMARK [2][-]{subsection.9.5}{\376\377\000M\000a\000g\000g\000i\000o\000r\000a\000n\000t\000i\000\040\000e\000\040\000m\000i\000n\000o\000r\000a\000n\000t\000i}{section.9}% 79
\BOOKMARK [2][-]{subsection.9.6}{\376\377\000A\000s\000s\000i\000o\000m\000a\000\040\000d\000e\000l\000\040\000b\000u\000o\000n\000\040\000o\000r\000d\000i\000n\000a\000m\000e\000n\000t\000o}{section.9}% 80
\BOOKMARK [1][-]{section.10}{\376\377\000P\000r\000i\000n\000c\000i\000p\000i\000o\000\040\000d\000i\000\040\000I\000n\000d\000u\000z\000i\000o\000n\000e\000\040\000S\000t\000r\000u\000t\000t\000u\000r\000a\000l\000e}{}% 81
\BOOKMARK [1][-]{section.11}{\376\377\000A\000r\000i\000t\000m\000e\000t\000i\000c\000a\000\040\000m\000o\000d\000u\000l\000a\000r\000e}{}% 82
\BOOKMARK [2][-]{subsection.11.1}{\376\377\000P\000r\000o\000p\000r\000i\000e\000t\000\340\000\040\000d\000e\000l\000l\000'\000a\000r\000i\000t\000m\000e\000t\000i\000c\000a\000\040\000m\000o\000d\000u\000l\000a\000r\000e}{section.11}% 83
\BOOKMARK [2][-]{subsection.11.2}{\376\377\000O\000p\000e\000r\000a\000z\000i\000o\000n\000i\000\040\000i\000n\000\040\000Z\000n}{section.11}% 84
\BOOKMARK [2][-]{subsection.11.3}{\376\377\000I\000n\000v\000e\000r\000s\000i\000o\000n\000e\000d\000e\000l\000l\000a\000\040\000c\000l\000a\000s\000s\000e}{section.11}% 85
\BOOKMARK [2][-]{subsection.11.4}{\376\377\000E\000l\000e\000m\000e\000n\000t\000i\000\040\000i\000n\000\040\000\040\000\050\000Z\000n\000\051\000\040}{section.11}% 86
\BOOKMARK [2][-]{subsection.11.5}{\376\377\000T\000e\000o\000r\000e\000m\000a\000\040\000d\000i\000\040\000E\000u\000l\000e\000r\000o}{section.11}% 87
\BOOKMARK [2][-]{subsection.11.6}{\376\377\000T\000e\000o\000r\000e\000m\000a\000\040\000d\000i\000\040\000F\000e\000r\000m\000a\000r\000t}{section.11}% 88
\BOOKMARK [2][-]{subsection.11.7}{\376\377\000C\000r\000i\000t\000t\000o\000s\000i\000s\000t\000e\000m\000a}{section.11}% 89
\BOOKMARK [3][-]{subsubsection.11.7.1}{\376\377\000T\000i\000p\000i\000\040\000d\000i\000\040\000c\000r\000i\000t\000t\000o\000s\000i\000s\000t\000e\000m\000i}{subsection.11.7}% 90
\BOOKMARK [3][-]{subsubsection.11.7.2}{\376\377\000C\000r\000i\000t\000t\000o\000s\000i\000s\000t\000e\000m\000a\000\040\000R\000S\000A}{subsection.11.7}% 91
\BOOKMARK [3][-]{subsubsection.11.7.3}{\376\377\000C\000i\000f\000r\000a\000r\000i\000o\000\040\000d\000i\000\040\000C\000e\000s\000a\000r\000e}{subsection.11.7}% 92
\BOOKMARK [1][-]{section.12}{\376\377\000M\000o\000n\000o\000i\000d\000i\000\040\000e\000\040\000G\000r\000u\000p\000p\000i}{}% 93
\BOOKMARK [2][-]{subsection.12.1}{\376\377\000M\000o\000n\000o\000i\000d\000i}{section.12}% 94
\BOOKMARK [3][-]{subsubsection.12.1.1}{\376\377\000I\000n\000v\000e\000r\000t\000i\000b\000i\000l\000i\000t\000\340\000\040\000d\000i\000\040\000u\000n\000\040\000m\000o\000n\000o\000i\000d\000e}{subsection.12.1}% 95
\BOOKMARK [2][-]{subsection.12.2}{\376\377\000G\000r\000u\000p\000p\000i}{section.12}% 96
\BOOKMARK [3][-]{subsubsection.12.2.1}{\376\377\000R\000e\000l\000a\000z\000i\000o\000n\000e\000\040\000d\000i\000\040\000e\000q\000u\000i\000v\000a\000l\000e\000n\000z\000a\000\040\000t\000r\000a\000\040\000g\000r\000u\000p\000p\000i}{subsection.12.2}% 97
\BOOKMARK [2][-]{subsection.12.3}{\376\377\000G\000r\000u\000p\000p\000o\000\040\000q\000u\000o\000z\000i\000e\000n\000t\000e}{section.12}% 98
\BOOKMARK [2][-]{subsection.12.4}{\376\377\000T\000e\000o\000r\000e\000m\000a\000\040\000d\000i\000\040\000L\000a\000g\000r\000a\000n\000g\000e}{section.12}% 99
